[1107/135203.684:ERROR:directory_reader_win.cc(43)] FindFirstFile: The system cannot find the path specified. (0x3)
[1107/135409.573:ERROR:process_reader_win.cc(123)] NtOpenThread: {Access Denied} A process has requested access to an object, but has not been granted those access rights. (0xc0000022)
[1107/135409.573:ERROR:exception_snapshot_win.cc(99)] thread ID 15664 not found in process
[1107/135409.591:ERROR:process_reader_win.cc(123)] NtOpenThread: {Access Denied} A process has requested access to an object, but has not been granted those access rights. (0xc0000022)
[1107/135409.591:ERROR:exception_snapshot_win.cc(99)] thread ID 18204 not found in process
[1107/135543.494:ERROR:process_reader_win.cc(123)] NtOpenThread: {Access Denied} A process has requested access to an object, but has not been granted those access rights. (0xc0000022)
[1107/135543.495:ERROR:exception_snapshot_win.cc(99)] thread ID 8188 not found in process
[1107/135543.499:ERROR:process_reader_win.cc(123)] NtOpenThread: {Access Denied} A process has requested access to an object, but has not been granted those access rights. (0xc0000022)
[1107/135543.499:ERROR:exception_snapshot_win.cc(99)] thread ID 15528 not found in process
[1107/140549.580:ERROR:directory_reader_win.cc(43)] FindFirstFile: The system cannot find the path specified. (0x3)
[1107/141435.207:ERROR:process_reader_win.cc(123)] NtOpenThread: {Access Denied} A process has requested access to an object, but has not been granted those access rights. (0xc0000022)
[1107/141435.208:ERROR:exception_snapshot_win.cc(99)] thread ID 9472 not found in process
[1107/141435.265:ERROR:process_reader_win.cc(123)] NtOpenThread: {Access Denied} A process has requested access to an object, but has not been granted those access rights. (0xc0000022)
[1107/141435.265:ERROR:exception_snapshot_win.cc(99)] thread ID 18632 not found in process
[1107/142937.388:ERROR:process_reader_win.cc(123)] NtOpenThread: {Access Denied} A process has requested access to an object, but has not been granted those access rights. (0xc0000022)
[1107/142937.389:ERROR:exception_snapshot_win.cc(99)] thread ID 13620 not found in process
[1107/142937.393:ERROR:process_reader_win.cc(123)] NtOpenThread: {Access Denied} A process has requested access to an object, but has not been granted those access rights. (0xc0000022)
[1107/142937.393:ERROR:exception_snapshot_win.cc(99)] thread ID 2168 not found in process
[1107/143315.828:ERROR:process_reader_win.cc(123)] NtOpenThread: {Access Denied} A process has requested access to an object, but has not been granted those access rights. (0xc0000022)
[1107/143315.830:ERROR:exception_snapshot_win.cc(99)] thread ID 16828 not found in process
[1107/143315.842:ERROR:process_reader_win.cc(123)] NtOpenThread: {Access Denied} A process has requested access to an object, but has not been granted those access rights. (0xc0000022)
[1107/143315.842:ERROR:exception_snapshot_win.cc(99)] thread ID 5056 not found in process
[1107/144709.216:ERROR:directory_reader_win.cc(43)] FindFirstFile: The system cannot find the path specified. (0x3)
[1107/144952.597:ERROR:process_reader_win.cc(123)] NtOpenThread: {Access Denied} A process has requested access to an object, but has not been granted those access rights. (0xc0000022)
[1107/144952.598:ERROR:exception_snapshot_win.cc(99)] thread ID 5488 not found in process
[1107/144952.615:ERROR:process_reader_win.cc(123)] NtOpenThread: {Access Denied} A process has requested access to an object, but has not been granted those access rights. (0xc0000022)
[1107/144952.615:ERROR:exception_snapshot_win.cc(99)] thread ID 11144 not found in process
[1107/145311.774:ERROR:process_reader_win.cc(123)] NtOpenThread: {Access Denied} A process has requested access to an object, but has not been granted those access rights. (0xc0000022)
[1107/145311.775:ERROR:exception_snapshot_win.cc(99)] thread ID 7264 not found in process
[1107/145311.774:ERROR:process_reader_win.cc(123)] NtOpenThread: {Access Denied} A process has requested access to an object, but has not been granted those access rights. (0xc0000022)
[1107/145311.775:ERROR:exception_snapshot_win.cc(99)] thread ID 14044 not found in process
[1107/145311.790:ERROR:process_reader_win.cc(123)] NtOpenThread: {Access Denied} A process has requested access to an object, but has not been granted those access rights. (0xc0000022)
[1107/145311.790:ERROR:exception_snapshot_win.cc(99)] thread ID 15092 not found in process
[1107/151059.853:ERROR:process_reader_win.cc(123)] NtOpenThread: {Access Denied} A process has requested access to an object, but has not been granted those access rights. (0xc0000022)
[1107/151059.854:ERROR:exception_snapshot_win.cc(99)] thread ID 5876 not found in process
[1107/151059.875:ERROR:process_reader_win.cc(123)] NtOpenThread: {Access Denied} A process has requested access to an object, but has not been granted those access rights. (0xc0000022)
[1107/151059.875:ERROR:exception_snapshot_win.cc(99)] thread ID 2744 not found in process
[1107/151254.149:ERROR:process_reader_win.cc(123)] NtOpenThread: {Access Denied} A process has requested access to an object, but has not been granted those access rights. (0xc0000022)
[1107/151254.150:ERROR:exception_snapshot_win.cc(99)] thread ID 12908 not found in process
[1107/151254.180:ERROR:process_reader_win.cc(123)] NtOpenThread: {Access Denied} A process has requested access to an object, but has not been granted those access rights. (0xc0000022)
[1107/151254.180:ERROR:exception_snapshot_win.cc(99)] thread ID 1944 not found in process
[1107/152410.185:ERROR:process_reader_win.cc(123)] NtOpenThread: {Access Denied} A process has requested access to an object, but has not been granted those access rights. (0xc0000022)
[1107/152410.186:ERROR:exception_snapshot_win.cc(99)] thread ID 14976 not found in process
[1107/152410.200:ERROR:process_reader_win.cc(123)] NtOpenThread: {Access Denied} A process has requested access to an object, but has not been granted those access rights. (0xc0000022)
[1107/152410.200:ERROR:exception_snapshot_win.cc(99)] thread ID 12052 not found in process
[1107/153414.642:ERROR:directory_reader_win.cc(43)] FindFirstFile: The system cannot find the path specified. (0x3)
[1107/161505.037:ERROR:process_reader_win.cc(123)] NtOpenThread: {Access Denied} A process has requested access to an object, but has not been granted those access rights. (0xc0000022)
[1107/161505.038:ERROR:process_reader_win.cc(123)] NtOpenThread: {Access Denied} A process has requested access to an object, but has not been granted those access rights. (0xc0000022)
[1107/161505.038:ERROR:exception_snapshot_win.cc(99)] thread ID 4104 not found in process
[1107/161505.038:ERROR:exception_snapshot_win.cc(99)] thread ID 11512 not found in process
[1107/161505.068:ERROR:process_reader_win.cc(123)] NtOpenThread: {Access Denied} A process has requested access to an object, but has not been granted those access rights. (0xc0000022)
[1107/161505.069:ERROR:exception_snapshot_win.cc(99)] thread ID 16456 not found in process
[1107/163350.272:ERROR:process_reader_win.cc(123)] NtOpenThread: {Access Denied} A process has requested access to an object, but has not been granted those access rights. (0xc0000022)
[1107/163350.273:ERROR:exception_snapshot_win.cc(99)] thread ID 15008 not found in process
[1107/163350.301:ERROR:process_reader_win.cc(123)] NtOpenThread: {Access Denied} A process has requested access to an object, but has not been granted those access rights. (0xc0000022)
[1107/163350.301:ERROR:exception_snapshot_win.cc(99)] thread ID 4912 not found in process
[1107/165859.673:ERROR:directory_reader_win.cc(43)] FindFirstFile: The system cannot find the path specified. (0x3)
[1107/172128.560:ERROR:process_reader_win.cc(123)] NtOpenThread: {Access Denied} A process has requested access to an object, but has not been granted those access rights. (0xc0000022)
[1107/172128.561:ERROR:exception_snapshot_win.cc(99)] thread ID 12876 not found in process
[1107/172128.610:ERROR:process_reader_win.cc(123)] NtOpenThread: {Access Denied} A process has requested access to an object, but has not been granted those access rights. (0xc0000022)
[1107/172128.611:ERROR:exception_snapshot_win.cc(99)] thread ID 15396 not found in process
[1107/172446.402:ERROR:process_reader_win.cc(123)] NtOpenThread: {Access Denied} A process has requested access to an object, but has not been granted those access rights. (0xc0000022)
[1107/172446.403:ERROR:exception_snapshot_win.cc(99)] thread ID 592 not found in process
[1107/172446.418:ERROR:process_reader_win.cc(123)] NtOpenThread: {Access Denied} A process has requested access to an object, but has not been granted those access rights. (0xc0000022)
[1107/172446.419:ERROR:exception_snapshot_win.cc(99)] thread ID 17380 not found in process
[1107/173108.935:ERROR:process_reader_win.cc(123)] NtOpenThread: {Access Denied} A process has requested access to an object, but has not been granted those access rights. (0xc0000022)
[1107/173108.936:ERROR:exception_snapshot_win.cc(99)] thread ID 12664 not found in process
[1107/173108.970:ERROR:process_reader_win.cc(123)] NtOpenThread: {Access Denied} A process has requested access to an object, but has not been granted those access rights. (0xc0000022)
[1107/173108.971:ERROR:exception_snapshot_win.cc(99)] thread ID 9856 not found in process
[1107/175635.709:ERROR:directory_reader_win.cc(43)] FindFirstFile: The system cannot find the path specified. (0x3)
[1107/182104.257:ERROR:process_reader_win.cc(123)] NtOpenThread: {Access Denied} A process has requested access to an object, but has not been granted those access rights. (0xc0000022)
[1107/182104.257:ERROR:exception_snapshot_win.cc(99)] thread ID 18692 not found in process
[1107/182104.286:ERROR:process_reader_win.cc(123)] NtOpenThread: {Access Denied} A process has requested access to an object, but has not been granted those access rights. (0xc0000022)
[1107/182104.286:ERROR:exception_snapshot_win.cc(99)] thread ID 7548 not found in process
[1107/183108.829:ERROR:directory_reader_win.cc(43)] FindFirstFile: The system cannot find the path specified. (0x3)
[1108/143032.594:ERROR:directory_reader_win.cc(43)] FindFirstFile: The system cannot find the path specified. (0x3)
[1108/143908.739:ERROR:process_reader_win.cc(123)] NtOpenThread: {Access Denied} A process has requested access to an object, but has not been granted those access rights. (0xc0000022)
[1108/143908.747:ERROR:exception_snapshot_win.cc(99)] thread ID 18592 not found in process
[1108/143908.775:ERROR:process_reader_win.cc(123)] NtOpenThread: {Access Denied} A process has requested access to an object, but has not been granted those access rights. (0xc0000022)
[1108/143908.776:ERROR:exception_snapshot_win.cc(99)] thread ID 18372 not found in process
[1108/143908.803:ERROR:process_reader_win.cc(123)] NtOpenThread: {Access Denied} A process has requested access to an object, but has not been granted those access rights. (0xc0000022)
[1108/143908.803:ERROR:exception_snapshot_win.cc(99)] thread ID 20724 not found in process
[1108/143908.827:ERROR:process_reader_win.cc(123)] NtOpenThread: {Access Denied} A process has requested access to an object, but has not been granted those access rights. (0xc0000022)
[1108/143908.827:ERROR:exception_snapshot_win.cc(99)] thread ID 21296 not found in process
[1108/145544.360:ERROR:directory_reader_win.cc(43)] FindFirstFile: The system cannot find the path specified. (0x3)
[1108/150713.318:ERROR:directory_reader_win.cc(43)] FindFirstFile: The system cannot find the path specified. (0x3)
[1108/151955.607:ERROR:directory_reader_win.cc(43)] FindFirstFile: The system cannot find the path specified. (0x3)
[1108/152646.972:ERROR:process_reader_win.cc(123)] NtOpenThread: {Access Denied} A process has requested access to an object, but has not been granted those access rights. (0xc0000022)
[1108/152646.974:ERROR:exception_snapshot_win.cc(99)] thread ID 21020 not found in process
[1108/152647.022:ERROR:process_reader_win.cc(123)] NtOpenThread: {Access Denied} A process has requested access to an object, but has not been granted those access rights. (0xc0000022)
[1108/152647.023:ERROR:exception_snapshot_win.cc(99)] thread ID 4932 not found in process
[1108/155948.502:ERROR:directory_reader_win.cc(43)] FindFirstFile: The system cannot find the path specified. (0x3)
[1108/160045.492:ERROR:process_reader_win.cc(123)] NtOpenThread: {Access Denied} A process has requested access to an object, but has not been granted those access rights. (0xc0000022)
[1108/160045.495:ERROR:exception_snapshot_win.cc(99)] thread ID 17964 not found in process
[1108/160045.562:ERROR:process_reader_win.cc(123)] NtOpenThread: {Access Denied} A process has requested access to an object, but has not been granted those access rights. (0xc0000022)
[1108/160045.562:ERROR:exception_snapshot_win.cc(99)] thread ID 11964 not found in process
[1108/160447.858:ERROR:process_reader_win.cc(123)] NtOpenThread: {Access Denied} A process has requested access to an object, but has not been granted those access rights. (0xc0000022)
[1108/160447.862:ERROR:exception_snapshot_win.cc(99)] thread ID 17660 not found in process
[1108/160447.913:ERROR:process_reader_win.cc(123)] NtOpenThread: {Access Denied} A process has requested access to an object, but has not been granted those access rights. (0xc0000022)
[1108/160447.913:ERROR:exception_snapshot_win.cc(99)] thread ID 15120 not found in process
[1108/161658.731:ERROR:directory_reader_win.cc(43)] FindFirstFile: The system cannot find the path specified. (0x3)
[1108/162625.140:ERROR:process_reader_win.cc(123)] NtOpenThread: {Access Denied} A process has requested access to an object, but has not been granted those access rights. (0xc0000022)
[1108/162625.142:ERROR:exception_snapshot_win.cc(99)] thread ID 15432 not found in process
[1108/162625.189:ERROR:process_reader_win.cc(123)] NtOpenThread: {Access Denied} A process has requested access to an object, but has not been granted those access rights. (0xc0000022)
[1108/162625.189:ERROR:exception_snapshot_win.cc(99)] thread ID 3256 not found in process
[1108/162903.431:ERROR:process_reader_win.cc(123)] NtOpenThread: {Access Denied} A process has requested access to an object, but has not been granted those access rights. (0xc0000022)
[1108/162903.432:ERROR:exception_snapshot_win.cc(99)] thread ID 10340 not found in process
[1108/162903.452:ERROR:process_reader_win.cc(123)] NtOpenThread: {Access Denied} A process has requested access to an object, but has not been granted those access rights. (0xc0000022)
[1108/162903.453:ERROR:exception_snapshot_win.cc(99)] thread ID 5340 not found in process
[1108/164019.569:ERROR:directory_reader_win.cc(43)] FindFirstFile: The system cannot find the path specified. (0x3)
[1108/170529.298:ERROR:process_reader_win.cc(123)] NtOpenThread: {Access Denied} A process has requested access to an object, but has not been granted those access rights. (0xc0000022)
[1108/170529.302:ERROR:exception_snapshot_win.cc(99)] thread ID 17540 not found in process
[1108/170529.342:ERROR:process_reader_win.cc(123)] NtOpenThread: {Access Denied} A process has requested access to an object, but has not been granted those access rights. (0xc0000022)
[1108/170529.342:ERROR:exception_snapshot_win.cc(99)] thread ID 16920 not found in process
[1108/171732.133:ERROR:directory_reader_win.cc(43)] FindFirstFile: The system cannot find the path specified. (0x3)
[1108/173936.502:ERROR:process_reader_win.cc(123)] NtOpenThread: {Access Denied} A process has requested access to an object, but has not been granted those access rights. (0xc0000022)
[1108/173936.505:ERROR:exception_snapshot_win.cc(99)] thread ID 13660 not found in process
[1108/173936.524:ERROR:process_reader_win.cc(123)] NtOpenThread: {Access Denied} A process has requested access to an object, but has not been granted those access rights. (0xc0000022)
[1108/173936.524:ERROR:exception_snapshot_win.cc(99)] thread ID 18852 not found in process
[1108/174147.954:ERROR:process_reader_win.cc(123)] NtOpenThread: {Access Denied} A process has requested access to an object, but has not been granted those access rights. (0xc0000022)
[1108/174147.956:ERROR:exception_snapshot_win.cc(99)] thread ID 11116 not found in process
[1108/174147.979:ERROR:process_reader_win.cc(123)] NtOpenThread: {Access Denied} A process has requested access to an object, but has not been granted those access rights. (0xc0000022)
[1108/174147.980:ERROR:exception_snapshot_win.cc(99)] thread ID 9496 not found in process
[1108/174955.239:ERROR:process_reader_win.cc(123)] NtOpenThread: {Access Denied} A process has requested access to an object, but has not been granted those access rights. (0xc0000022)
[1108/174955.241:ERROR:exception_snapshot_win.cc(99)] thread ID 19600 not found in process
[1108/174955.257:ERROR:process_reader_win.cc(123)] NtOpenThread: {Access Denied} A process has requested access to an object, but has not been granted those access rights. (0xc0000022)
[1108/174955.257:ERROR:exception_snapshot_win.cc(99)] thread ID 11716 not found in process
[1108/174955.302:ERROR:process_reader_win.cc(123)] NtOpenThread: {Access Denied} A process has requested access to an object, but has not been granted those access rights. (0xc0000022)
[1108/174955.302:ERROR:exception_snapshot_win.cc(99)] thread ID 17768 not found in process
[1108/180327.901:ERROR:directory_reader_win.cc(43)] FindFirstFile: The system cannot find the path specified. (0x3)
[1108/183051.257:ERROR:process_reader_win.cc(123)] NtOpenThread: {Access Denied} A process has requested access to an object, but has not been granted those access rights. (0xc0000022)
[1108/183051.259:ERROR:exception_snapshot_win.cc(99)] thread ID 16288 not found in process
[1108/183051.296:ERROR:process_reader_win.cc(123)] NtOpenThread: {Access Denied} A process has requested access to an object, but has not been granted those access rights. (0xc0000022)
[1108/183051.296:ERROR:exception_snapshot_win.cc(99)] thread ID 8476 not found in process
[1108/183232.390:ERROR:process_reader_win.cc(123)] NtOpenThread: {Access Denied} A process has requested access to an object, but has not been granted those access rights. (0xc0000022)
[1108/183232.392:ERROR:exception_snapshot_win.cc(99)] thread ID 19756 not found in process
[1108/183232.393:ERROR:process_reader_win.cc(123)] NtOpenThread: {Access Denied} A process has requested access to an object, but has not been granted those access rights. (0xc0000022)
[1108/183232.394:ERROR:exception_snapshot_win.cc(99)] thread ID 9844 not found in process
[1108/183232.399:ERROR:process_reader_win.cc(123)] NtOpenThread: {Access Denied} A process has requested access to an object, but has not been granted those access rights. (0xc0000022)
[1108/183232.399:ERROR:exception_snapshot_win.cc(99)] thread ID 10864 not found in process
[1108/183232.434:ERROR:process_reader_win.cc(123)] NtOpenThread: {Access Denied} A process has requested access to an object, but has not been granted those access rights. (0xc0000022)
[1108/183232.434:ERROR:exception_snapshot_win.cc(99)] thread ID 12648 not found in process
[1108/183232.434:ERROR:process_reader_win.cc(123)] NtOpenThread: {Access Denied} A process has requested access to an object, but has not been granted those access rights. (0xc0000022)
[1108/183232.434:ERROR:exception_snapshot_win.cc(99)] thread ID 18660 not found in process
[1108/184405.281:ERROR:process_reader_win.cc(123)] NtOpenThread: {Access Denied} A process has requested access to an object, but has not been granted those access rights. (0xc0000022)
[1108/184405.283:ERROR:process_reader_win.cc(123)] NtOpenThread: {Access Denied} A process has requested access to an object, but has not been granted those access rights. (0xc0000022)
[1108/184405.286:ERROR:exception_snapshot_win.cc(99)] thread ID 2592 not found in process
[1108/184405.286:ERROR:exception_snapshot_win.cc(99)] thread ID 3040 not found in process
[1108/184405.289:ERROR:process_reader_win.cc(123)] NtOpenThread: {Access Denied} A process has requested access to an object, but has not been granted those access rights. (0xc0000022)
[1108/184405.291:ERROR:exception_snapshot_win.cc(99)] thread ID 11764 not found in process
[1108/184405.324:ERROR:process_reader_win.cc(123)] NtOpenThread: {Access Denied} A process has requested access to an object, but has not been granted those access rights. (0xc0000022)
[1108/184405.325:ERROR:exception_snapshot_win.cc(99)] thread ID 6308 not found in process
[1108/184405.347:ERROR:process_reader_win.cc(123)] NtOpenThread: {Access Denied} A process has requested access to an object, but has not been granted those access rights. (0xc0000022)
[1108/184405.348:ERROR:exception_snapshot_win.cc(99)] thread ID 12508 not found in process
[1108/184431.584:ERROR:process_reader_win.cc(123)] NtOpenThread: {Access Denied} A process has requested access to an object, but has not been granted those access rights. (0xc0000022)
[1108/184431.587:ERROR:exception_snapshot_win.cc(99)] thread ID 20848 not found in process
[1108/184431.587:ERROR:process_reader_win.cc(123)] NtOpenThread: {Access Denied} A process has requested access to an object, but has not been granted those access rights. (0xc0000022)
[1108/184431.587:ERROR:exception_snapshot_win.cc(99)] thread ID 21308 not found in process
[1108/184431.601:ERROR:process_reader_win.cc(123)] NtOpenThread: {Access Denied} A process has requested access to an object, but has not been granted those access rights. (0xc0000022)
[1108/184431.601:ERROR:exception_snapshot_win.cc(99)] thread ID 1352 not found in process
[1108/185013.840:ERROR:process_reader_win.cc(123)] NtOpenThread: {Access Denied} A process has requested access to an object, but has not been granted those access rights. (0xc0000022)
[1108/185013.840:ERROR:process_reader_win.cc(123)] NtOpenThread: {Access Denied} A process has requested access to an object, but has not been granted those access rights. (0xc0000022)
[1108/185013.841:ERROR:exception_snapshot_win.cc(99)] thread ID 5676 not found in process
[1108/185013.841:ERROR:exception_snapshot_win.cc(99)] thread ID 10032 not found in process
[1108/185013.859:ERROR:process_reader_win.cc(123)] NtOpenThread: {Access Denied} A process has requested access to an object, but has not been granted those access rights. (0xc0000022)
[1108/185013.859:ERROR:exception_snapshot_win.cc(99)] thread ID 1468 not found in process
[1108/190125.738:ERROR:process_reader_win.cc(123)] NtOpenThread: {Access Denied} A process has requested access to an object, but has not been granted those access rights. (0xc0000022)
[1108/190125.740:ERROR:exception_snapshot_win.cc(99)] thread ID 20568 not found in process
[1108/190125.764:ERROR:process_reader_win.cc(123)] NtOpenThread: {Access Denied} A process has requested access to an object, but has not been granted those access rights. (0xc0000022)
[1108/190125.764:ERROR:exception_snapshot_win.cc(99)] thread ID 16748 not found in process
[1109/031200.766:ERROR:process_reader_win.cc(123)] NtOpenThread: {Access Denied} A process has requested access to an object, but has not been granted those access rights. (0xc0000022)
[1109/031200.770:ERROR:exception_snapshot_win.cc(99)] thread ID 11788 not found in process
[1109/031200.790:ERROR:process_reader_win.cc(123)] NtOpenThread: {Access Denied} A process has requested access to an object, but has not been granted those access rights. (0xc0000022)
[1109/031200.790:ERROR:exception_snapshot_win.cc(99)] thread ID 21244 not found in process
[1109/031533.549:ERROR:process_reader_win.cc(123)] NtOpenThread: {Access Denied} A process has requested access to an object, but has not been granted those access rights. (0xc0000022)
[1109/031533.556:ERROR:exception_snapshot_win.cc(99)] thread ID 9664 not found in process
[1109/031533.597:ERROR:process_reader_win.cc(123)] NtOpenThread: {Access Denied} A process has requested access to an object, but has not been granted those access rights. (0xc0000022)
[1109/031533.597:ERROR:exception_snapshot_win.cc(99)] thread ID 18312 not found in process
[1109/031858.607:ERROR:process_reader_win.cc(123)] NtOpenThread: {Access Denied} A process has requested access to an object, but has not been granted those access rights. (0xc0000022)
[1109/031858.609:ERROR:exception_snapshot_win.cc(99)] thread ID 604 not found in process
[1109/031858.628:ERROR:process_reader_win.cc(123)] NtOpenThread: {Access Denied} A process has requested access to an object, but has not been granted those access rights. (0xc0000022)
[1109/031858.628:ERROR:exception_snapshot_win.cc(99)] thread ID 18664 not found in process
[1109/032902.821:ERROR:directory_reader_win.cc(43)] FindFirstFile: The system cannot find the path specified. (0x3)
[1109/095808.764:ERROR:directory_reader_win.cc(43)] FindFirstFile: The system cannot find the path specified. (0x3)
[1109/111956.882:ERROR:directory_reader_win.cc(43)] FindFirstFile: The system cannot find the path specified. (0x3)
[1109/112617.022:ERROR:process_reader_win.cc(123)] NtOpenThread: {Access Denied} A process has requested access to an object, but has not been granted those access rights. (0xc0000022)
[1109/112617.024:ERROR:exception_snapshot_win.cc(99)] thread ID 19656 not found in process
[1109/112617.067:ERROR:process_reader_win.cc(123)] NtOpenThread: {Access Denied} A process has requested access to an object, but has not been granted those access rights. (0xc0000022)
[1109/112617.067:ERROR:exception_snapshot_win.cc(99)] thread ID 2648 not found in process
[1109/112750.604:ERROR:process_reader_win.cc(123)] NtOpenThread: {Access Denied} A process has requested access to an object, but has not been granted those access rights. (0xc0000022)
[1109/112750.606:ERROR:exception_snapshot_win.cc(99)] thread ID 8708 not found in process
[1109/112750.616:ERROR:process_reader_win.cc(123)] NtOpenThread: {Access Denied} A process has requested access to an object, but has not been granted those access rights. (0xc0000022)
[1109/112750.616:ERROR:exception_snapshot_win.cc(99)] thread ID 21524 not found in process
[1109/113824.984:ERROR:directory_reader_win.cc(43)] FindFirstFile: The system cannot find the path specified. (0x3)
[1109/114919.421:ERROR:process_reader_win.cc(123)] NtOpenThread: {Access Denied} A process has requested access to an object, but has not been granted those access rights. (0xc0000022)
[1109/114919.423:ERROR:exception_snapshot_win.cc(99)] thread ID 9296 not found in process
[1109/114919.461:ERROR:process_reader_win.cc(123)] NtOpenThread: {Access Denied} A process has requested access to an object, but has not been granted those access rights. (0xc0000022)
[1109/114919.461:ERROR:exception_snapshot_win.cc(99)] thread ID 19820 not found in process
[1109/120312.312:ERROR:directory_reader_win.cc(43)] FindFirstFile: The system cannot find the path specified. (0x3)
[1109/122518.362:ERROR:process_reader_win.cc(123)] NtOpenThread: {Access Denied} A process has requested access to an object, but has not been granted those access rights. (0xc0000022)
[1109/122518.366:ERROR:exception_snapshot_win.cc(99)] thread ID 6744 not found in process
[1109/122518.406:ERROR:process_reader_win.cc(123)] NtOpenThread: {Access Denied} A process has requested access to an object, but has not been granted those access rights. (0xc0000022)
[1109/122518.406:ERROR:exception_snapshot_win.cc(99)] thread ID 6320 not found in process
[1109/122747.302:ERROR:process_reader_win.cc(123)] NtOpenThread: {Access Denied} A process has requested access to an object, but has not been granted those access rights. (0xc0000022)
[1109/122747.304:ERROR:exception_snapshot_win.cc(99)] thread ID 16320 not found in process
[1109/122747.309:ERROR:process_reader_win.cc(123)] NtOpenThread: {Access Denied} A process has requested access to an object, but has not been granted those access rights. (0xc0000022)
[1109/122747.309:ERROR:exception_snapshot_win.cc(99)] thread ID 19924 not found in process
[1109/123816.980:ERROR:directory_reader_win.cc(43)] FindFirstFile: The system cannot find the path specified. (0x3)
[1109/134627.608:ERROR:process_reader_win.cc(123)] NtOpenThread: {Access Denied} A process has requested access to an object, but has not been granted those access rights. (0xc0000022)
[1109/134627.612:ERROR:exception_snapshot_win.cc(99)] thread ID 21664 not found in process
[1109/134627.693:ERROR:process_reader_win.cc(123)] NtOpenThread: {Access Denied} A process has requested access to an object, but has not been granted those access rights. (0xc0000022)
[1109/134627.693:ERROR:exception_snapshot_win.cc(99)] thread ID 3172 not found in process
[1109/135630.380:ERROR:directory_reader_win.cc(43)] FindFirstFile: The system cannot find the path specified. (0x3)
[1109/141149.580:ERROR:process_reader_win.cc(123)] NtOpenThread: {Access Denied} A process has requested access to an object, but has not been granted those access rights. (0xc0000022)
[1109/141149.587:ERROR:exception_snapshot_win.cc(99)] thread ID 4736 not found in process
[1109/141149.681:ERROR:process_reader_win.cc(123)] NtOpenThread: {Access Denied} A process has requested access to an object, but has not been granted those access rights. (0xc0000022)
[1109/141149.681:ERROR:exception_snapshot_win.cc(99)] thread ID 17976 not found in process
[1109/142213.714:ERROR:directory_reader_win.cc(43)] FindFirstFile: The system cannot find the path specified. (0x3)
[1109/145625.452:ERROR:process_reader_win.cc(123)] NtOpenThread: {Access Denied} A process has requested access to an object, but has not been granted those access rights. (0xc0000022)
[1109/145625.458:ERROR:exception_snapshot_win.cc(99)] thread ID 22500 not found in process
[1109/145625.527:ERROR:process_reader_win.cc(123)] NtOpenThread: {Access Denied} A process has requested access to an object, but has not been granted those access rights. (0xc0000022)
[1109/145625.527:ERROR:exception_snapshot_win.cc(99)] thread ID 11428 not found in process
[1109/152316.970:ERROR:directory_reader_win.cc(43)] FindFirstFile: The system cannot find the path specified. (0x3)
[1109/153022.024:ERROR:process_reader_win.cc(123)] NtOpenThread: {Access Denied} A process has requested access to an object, but has not been granted those access rights. (0xc0000022)
[1109/153022.036:ERROR:exception_snapshot_win.cc(99)] thread ID 19860 not found in process
[1109/153022.080:ERROR:process_reader_win.cc(123)] NtOpenThread: {Access Denied} A process has requested access to an object, but has not been granted those access rights. (0xc0000022)
[1109/153022.080:ERROR:exception_snapshot_win.cc(99)] thread ID 8176 not found in process
[1109/154024.250:ERROR:directory_reader_win.cc(43)] FindFirstFile: The system cannot find the path specified. (0x3)
[1109/154508.007:ERROR:process_reader_win.cc(123)] NtOpenThread: {Access Denied} A process has requested access to an object, but has not been granted those access rights. (0xc0000022)
[1109/154508.012:ERROR:exception_snapshot_win.cc(99)] thread ID 18256 not found in process
[1109/154508.098:ERROR:process_reader_win.cc(123)] NtOpenThread: {Access Denied} A process has requested access to an object, but has not been granted those access rights. (0xc0000022)
[1109/154508.098:ERROR:exception_snapshot_win.cc(99)] thread ID 11988 not found in process
[1109/155513.806:ERROR:directory_reader_win.cc(43)] FindFirstFile: The system cannot find the path specified. (0x3)
[1109/162636.108:ERROR:process_reader_win.cc(123)] NtOpenThread: {Access Denied} A process has requested access to an object, but has not been granted those access rights. (0xc0000022)
[1109/162636.115:ERROR:exception_snapshot_win.cc(99)] thread ID 18336 not found in process
[1109/162636.189:ERROR:process_reader_win.cc(123)] NtOpenThread: {Access Denied} A process has requested access to an object, but has not been granted those access rights. (0xc0000022)
[1109/162636.189:ERROR:exception_snapshot_win.cc(99)] thread ID 16308 not found in process
[1109/163115.803:ERROR:process_reader_win.cc(123)] NtOpenThread: {Access Denied} A process has requested access to an object, but has not been granted those access rights. (0xc0000022)
[1109/163115.808:ERROR:exception_snapshot_win.cc(99)] thread ID 2528 not found in process
[1109/163115.870:ERROR:process_reader_win.cc(123)] NtOpenThread: {Access Denied} A process has requested access to an object, but has not been granted those access rights. (0xc0000022)
[1109/163115.870:ERROR:exception_snapshot_win.cc(99)] thread ID 2676 not found in process
[1109/164348.832:ERROR:directory_reader_win.cc(43)] FindFirstFile: The system cannot find the path specified. (0x3)
[1109/170449.653:ERROR:process_reader_win.cc(123)] NtOpenThread: {Access Denied} A process has requested access to an object, but has not been granted those access rights. (0xc0000022)
[1109/170449.662:ERROR:exception_snapshot_win.cc(99)] thread ID 20364 not found in process
[1109/170449.705:ERROR:process_reader_win.cc(123)] NtOpenThread: {Access Denied} A process has requested access to an object, but has not been granted those access rights. (0xc0000022)
[1109/170449.705:ERROR:exception_snapshot_win.cc(99)] thread ID 19300 not found in process
[1109/170922.216:ERROR:process_reader_win.cc(123)] NtOpenThread: {Access Denied} A process has requested access to an object, but has not been granted those access rights. (0xc0000022)
[1109/170922.220:ERROR:exception_snapshot_win.cc(99)] thread ID 8420 not found in process
[1109/170922.259:ERROR:process_reader_win.cc(123)] NtOpenThread: {Access Denied} A process has requested access to an object, but has not been granted those access rights. (0xc0000022)
[1109/170922.259:ERROR:exception_snapshot_win.cc(99)] thread ID 13024 not found in process
[1110/145131.834:ERROR:process_reader_win.cc(123)] NtOpenThread: {Access Denied} A process has requested access to an object, but has not been granted those access rights. (0xc0000022)
[1110/145131.839:ERROR:exception_snapshot_win.cc(99)] thread ID 12404 not found in process
[1110/145131.882:ERROR:process_reader_win.cc(151)] SuspendThread: Access is denied. (0x5)
[1110/145131.882:ERROR:process_reader_win.cc(151)] SuspendThread: Access is denied. (0x5)
[1110/145131.882:ERROR:process_reader_win.cc(123)] NtOpenThread: {Access Denied} A process has requested access to an object, but has not been granted those access rights. (0xc0000022)
[1110/145131.882:ERROR:exception_snapshot_win.cc(99)] thread ID 23032 not found in process
[1110/145945.410:ERROR:process_reader_win.cc(123)] NtOpenThread: {Access Denied} A process has requested access to an object, but has not been granted those access rights. (0xc0000022)
[1110/145945.417:ERROR:exception_snapshot_win.cc(99)] thread ID 24088 not found in process
[1110/145945.475:ERROR:process_reader_win.cc(123)] NtOpenThread: {Access Denied} A process has requested access to an object, but has not been granted those access rights. (0xc0000022)
[1110/145945.475:ERROR:exception_snapshot_win.cc(99)] thread ID 20944 not found in process
[1110/145945.410:ERROR:process_reader_win.cc(123)] NtOpenThread: {Access Denied} A process has requested access to an object, but has not been granted those access rights. (0xc0000022)
[1110/145945.525:ERROR:exception_snapshot_win.cc(99)] thread ID 24892 not found in process
[1110/145945.525:ERROR:scoped_process_suspend.cc(40)] NtResumeProcess: An attempt was made to access an exiting process. (0xc000010a)
[1110/151404.062:ERROR:directory_reader_win.cc(43)] FindFirstFile: The system cannot find the path specified. (0x3)
[1110/151540.404:ERROR:process_reader_win.cc(123)] NtOpenThread: {Access Denied} A process has requested access to an object, but has not been granted those access rights. (0xc0000022)
[1110/151540.405:ERROR:exception_snapshot_win.cc(99)] thread ID 16100 not found in process
[1110/151540.418:ERROR:process_reader_win.cc(123)] NtOpenThread: {Access Denied} A process has requested access to an object, but has not been granted those access rights. (0xc0000022)
[1110/151540.419:ERROR:exception_snapshot_win.cc(99)] thread ID 8156 not found in process
[1110/151845.439:ERROR:process_reader_win.cc(123)] NtOpenThread: {Access Denied} A process has requested access to an object, but has not been granted those access rights. (0xc0000022)
[1110/151845.440:ERROR:exception_snapshot_win.cc(99)] thread ID 14840 not found in process
[1110/151845.461:ERROR:process_reader_win.cc(123)] NtOpenThread: {Access Denied} A process has requested access to an object, but has not been granted those access rights. (0xc0000022)
[1110/151845.462:ERROR:exception_snapshot_win.cc(99)] thread ID 4628 not found in process
[1110/154108.416:ERROR:process_reader_win.cc(123)] NtOpenThread: {Access Denied} A process has requested access to an object, but has not been granted those access rights. (0xc0000022)
[1110/154108.418:ERROR:exception_snapshot_win.cc(99)] thread ID 10116 not found in process
[1110/154108.448:ERROR:process_reader_win.cc(123)] NtOpenThread: {Access Denied} A process has requested access to an object, but has not been granted those access rights. (0xc0000022)
[1110/154108.448:ERROR:exception_snapshot_win.cc(99)] thread ID 9748 not found in process
[1110/160642.545:ERROR:process_reader_win.cc(123)] NtOpenThread: {Access Denied} A process has requested access to an object, but has not been granted those access rights. (0xc0000022)
[1110/160642.547:ERROR:exception_snapshot_win.cc(99)] thread ID 23044 not found in process
[1110/160642.561:ERROR:process_reader_win.cc(123)] NtOpenThread: {Access Denied} A process has requested access to an object, but has not been granted those access rights. (0xc0000022)
[1110/160642.561:ERROR:exception_snapshot_win.cc(99)] thread ID 1144 not found in process
[1110/162442.936:ERROR:directory_reader_win.cc(43)] FindFirstFile: The system cannot find the path specified. (0x3)
[1110/164909.787:ERROR:process_reader_win.cc(123)] NtOpenThread: {Access Denied} A process has requested access to an object, but has not been granted those access rights. (0xc0000022)
[1110/164909.789:ERROR:exception_snapshot_win.cc(99)] thread ID 21716 not found in process
[1110/164909.806:ERROR:process_reader_win.cc(123)] NtOpenThread: {Access Denied} A process has requested access to an object, but has not been granted those access rights. (0xc0000022)
[1110/164909.806:ERROR:exception_snapshot_win.cc(99)] thread ID 8752 not found in process
[1110/175254.531:ERROR:directory_reader_win.cc(43)] FindFirstFile: The system cannot find the path specified. (0x3)
[1110/180003.675:ERROR:process_reader_win.cc(123)] NtOpenThread: {Access Denied} A process has requested access to an object, but has not been granted those access rights. (0xc0000022)
[1110/180003.676:ERROR:exception_snapshot_win.cc(99)] thread ID 16076 not found in process
[1110/180003.689:ERROR:process_reader_win.cc(123)] NtOpenThread: {Access Denied} A process has requested access to an object, but has not been granted those access rights. (0xc0000022)
[1110/180003.689:ERROR:exception_snapshot_win.cc(99)] thread ID 22620 not found in process
[1111/112923.356:ERROR:directory_reader_win.cc(43)] FindFirstFile: The system cannot find the path specified. (0x3)
[1111/114106.064:ERROR:process_reader_win.cc(123)] NtOpenThread: {Access Denied} A process has requested access to an object, but has not been granted those access rights. (0xc0000022)
[1111/114106.064:ERROR:exception_snapshot_win.cc(99)] thread ID 20640 not found in process
[1111/114106.075:ERROR:process_reader_win.cc(123)] NtOpenThread: {Access Denied} A process has requested access to an object, but has not been granted those access rights. (0xc0000022)
[1111/114106.076:ERROR:exception_snapshot_win.cc(99)] thread ID 15104 not found in process
[1111/115108.937:ERROR:directory_reader_win.cc(43)] FindFirstFile: The system cannot find the path specified. (0x3)
[1111/120058.482:ERROR:process_reader_win.cc(123)] NtOpenThread: {Access Denied} A process has requested access to an object, but has not been granted those access rights. (0xc0000022)
[1111/120058.482:ERROR:exception_snapshot_win.cc(99)] thread ID 19520 not found in process
[1111/120058.498:ERROR:process_reader_win.cc(123)] NtOpenThread: {Access Denied} A process has requested access to an object, but has not been granted those access rights. (0xc0000022)
[1111/120058.498:ERROR:exception_snapshot_win.cc(99)] thread ID 23460 not found in process
[1111/121101.950:ERROR:directory_reader_win.cc(43)] FindFirstFile: The system cannot find the path specified. (0x3)
[1111/123509.376:ERROR:process_reader_win.cc(123)] NtOpenThread: {Access Denied} A process has requested access to an object, but has not been granted those access rights. (0xc0000022)
[1111/123509.379:ERROR:exception_snapshot_win.cc(99)] thread ID 24716 not found in process
[1111/123509.406:ERROR:process_reader_win.cc(123)] NtOpenThread: {Access Denied} A process has requested access to an object, but has not been granted those access rights. (0xc0000022)
[1111/123509.406:ERROR:exception_snapshot_win.cc(99)] thread ID 20704 not found in process
[1111/134148.351:ERROR:process_reader_win.cc(123)] NtOpenThread: {Access Denied} A process has requested access to an object, but has not been granted those access rights. (0xc0000022)
[1111/134148.352:ERROR:exception_snapshot_win.cc(99)] thread ID 26320 not found in process
[1111/134148.372:ERROR:process_reader_win.cc(123)] NtOpenThread: {Access Denied} A process has requested access to an object, but has not been granted those access rights. (0xc0000022)
[1111/134148.372:ERROR:exception_snapshot_win.cc(99)] thread ID 26468 not found in process
[1111/135152.640:ERROR:directory_reader_win.cc(43)] FindFirstFile: The system cannot find the path specified. (0x3)
[1111/150602.659:ERROR:process_reader_win.cc(123)] NtOpenThread: {Access Denied} A process has requested access to an object, but has not been granted those access rights. (0xc0000022)
[1111/150602.660:ERROR:exception_snapshot_win.cc(99)] thread ID 14996 not found in process
[1111/150602.697:ERROR:process_reader_win.cc(123)] NtOpenThread: {Access Denied} A process has requested access to an object, but has not been granted those access rights. (0xc0000022)
[1111/150602.697:ERROR:exception_snapshot_win.cc(99)] thread ID 25816 not found in process
[1111/151429.419:ERROR:process_reader_win.cc(123)] NtOpenThread: {Access Denied} A process has requested access to an object, but has not been granted those access rights. (0xc0000022)
[1111/151429.420:ERROR:exception_snapshot_win.cc(99)] thread ID 7184 not found in process
[1111/151429.435:ERROR:process_reader_win.cc(123)] NtOpenThread: {Access Denied} A process has requested access to an object, but has not been granted those access rights. (0xc0000022)
[1111/151429.436:ERROR:exception_snapshot_win.cc(99)] thread ID 24108 not found in process
[1111/151552.263:ERROR:process_reader_win.cc(123)] NtOpenThread: {Access Denied} A process has requested access to an object, but has not been granted those access rights. (0xc0000022)
[1111/151552.264:ERROR:exception_snapshot_win.cc(99)] thread ID 13784 not found in process
[1111/151552.280:ERROR:process_reader_win.cc(123)] NtOpenThread: {Access Denied} A process has requested access to an object, but has not been granted those access rights. (0xc0000022)
[1111/151552.280:ERROR:exception_snapshot_win.cc(99)] thread ID 6300 not found in process
[1111/152554.441:ERROR:directory_reader_win.cc(43)] FindFirstFile: The system cannot find the path specified. (0x3)
[1111/164735.748:ERROR:process_reader_win.cc(123)] NtOpenThread: {Access Denied} A process has requested access to an object, but has not been granted those access rights. (0xc0000022)
[1111/164735.751:ERROR:exception_snapshot_win.cc(99)] thread ID 13780 not found in process
[1111/164735.776:ERROR:process_reader_win.cc(123)] NtOpenThread: {Access Denied} A process has requested access to an object, but has not been granted those access rights. (0xc0000022)
[1111/164735.776:ERROR:exception_snapshot_win.cc(99)] thread ID 3052 not found in process
[1111/172100.894:ERROR:process_reader_win.cc(123)] NtOpenThread: {Access Denied} A process has requested access to an object, but has not been granted those access rights. (0xc0000022)
[1111/172100.896:ERROR:exception_snapshot_win.cc(99)] thread ID 17068 not found in process
[1111/172100.907:ERROR:process_reader_win.cc(123)] NtOpenThread: {Access Denied} A process has requested access to an object, but has not been granted those access rights. (0xc0000022)
[1111/172100.908:ERROR:exception_snapshot_win.cc(99)] thread ID 16852 not found in process
[1112/121057.536:ERROR:directory_reader_win.cc(43)] FindFirstFile: The system cannot find the path specified. (0x3)
[1112/124944.500:ERROR:process_reader_win.cc(123)] NtOpenThread: {Access Denied} A process has requested access to an object, but has not been granted those access rights. (0xc0000022)
[1112/124944.502:ERROR:exception_snapshot_win.cc(99)] thread ID 15556 not found in process
[1112/124944.539:ERROR:process_reader_win.cc(123)] NtOpenThread: {Access Denied} A process has requested access to an object, but has not been granted those access rights. (0xc0000022)
[1112/124944.539:ERROR:exception_snapshot_win.cc(99)] thread ID 12016 not found in process
[1112/132022.209:ERROR:process_reader_win.cc(123)] NtOpenThread: {Access Denied} A process has requested access to an object, but has not been granted those access rights. (0xc0000022)
[1112/132022.211:ERROR:exception_snapshot_win.cc(99)] thread ID 5576 not found in process
[1112/132022.223:ERROR:process_reader_win.cc(123)] NtOpenThread: {Access Denied} A process has requested access to an object, but has not been granted those access rights. (0xc0000022)
[1112/132022.223:ERROR:exception_snapshot_win.cc(99)] thread ID 7636 not found in process
[1112/133306.918:ERROR:directory_reader_win.cc(43)] FindFirstFile: The system cannot find the path specified. (0x3)
[1112/133905.502:ERROR:process_reader_win.cc(123)] NtOpenThread: {Access Denied} A process has requested access to an object, but has not been granted those access rights. (0xc0000022)
[1112/133905.503:ERROR:exception_snapshot_win.cc(99)] thread ID 23664 not found in process
[1112/133905.504:ERROR:process_reader_win.cc(123)] NtOpenThread: {Access Denied} A process has requested access to an object, but has not been granted those access rights. (0xc0000022)
[1112/133905.504:ERROR:exception_snapshot_win.cc(99)] thread ID 18700 not found in process
[1112/133905.527:ERROR:process_reader_win.cc(123)] NtOpenThread: {Access Denied} A process has requested access to an object, but has not been granted those access rights. (0xc0000022)
[1112/133905.527:ERROR:process_reader_win.cc(123)] NtOpenThread: {Access Denied} A process has requested access to an object, but has not been granted those access rights. (0xc0000022)
[1112/133905.527:ERROR:exception_snapshot_win.cc(99)] thread ID 13540 not found in process
[1112/133905.527:ERROR:exception_snapshot_win.cc(99)] thread ID 12936 not found in process
[1112/134241.561:ERROR:process_reader_win.cc(123)] NtOpenThread: {Access Denied} A process has requested access to an object, but has not been granted those access rights. (0xc0000022)
[1112/134241.561:ERROR:exception_snapshot_win.cc(99)] thread ID 6192 not found in process
[1112/134241.578:ERROR:process_reader_win.cc(123)] NtOpenThread: {Access Denied} A process has requested access to an object, but has not been granted those access rights. (0xc0000022)
[1112/134241.578:ERROR:exception_snapshot_win.cc(99)] thread ID 26504 not found in process
[1112/134314.725:ERROR:process_reader_win.cc(123)] NtOpenThread: {Access Denied} A process has requested access to an object, but has not been granted those access rights. (0xc0000022)
[1112/134314.726:ERROR:exception_snapshot_win.cc(99)] thread ID 18288 not found in process
[1112/134314.744:ERROR:process_reader_win.cc(123)] NtOpenThread: {Access Denied} A process has requested access to an object, but has not been granted those access rights. (0xc0000022)
[1112/134314.744:ERROR:exception_snapshot_win.cc(99)] thread ID 21312 not found in process
[1112/134925.451:ERROR:process_reader_win.cc(123)] NtOpenThread: {Access Denied} A process has requested access to an object, but has not been granted those access rights. (0xc0000022)
[1112/134925.452:ERROR:exception_snapshot_win.cc(99)] thread ID 16196 not found in process
[1112/134925.452:ERROR:process_reader_win.cc(123)] NtOpenThread: {Access Denied} A process has requested access to an object, but has not been granted those access rights. (0xc0000022)
[1112/134925.452:ERROR:exception_snapshot_win.cc(99)] thread ID 26120 not found in process
[1112/134925.482:ERROR:process_reader_win.cc(123)] NtOpenThread: {Access Denied} A process has requested access to an object, but has not been granted those access rights. (0xc0000022)
[1112/134925.482:ERROR:exception_snapshot_win.cc(99)] thread ID 17308 not found in process
[1112/134925.482:ERROR:process_reader_win.cc(123)] NtOpenThread: {Access Denied} A process has requested access to an object, but has not been granted those access rights. (0xc0000022)
[1112/134925.482:ERROR:exception_snapshot_win.cc(99)] thread ID 24104 not found in process
[1112/135350.785:ERROR:process_reader_win.cc(123)] NtOpenThread: {Access Denied} A process has requested access to an object, but has not been granted those access rights. (0xc0000022)
[1112/135350.786:ERROR:exception_snapshot_win.cc(99)] thread ID 22712 not found in process
[1112/135350.786:ERROR:process_reader_win.cc(123)] NtOpenThread: {Access Denied} A process has requested access to an object, but has not been granted those access rights. (0xc0000022)
[1112/135350.786:ERROR:exception_snapshot_win.cc(99)] thread ID 22656 not found in process
[1112/135350.801:ERROR:process_reader_win.cc(123)] NtOpenThread: {Access Denied} A process has requested access to an object, but has not been granted those access rights. (0xc0000022)
[1112/135350.801:ERROR:exception_snapshot_win.cc(99)] thread ID 23480 not found in process
[1112/140525.896:ERROR:directory_reader_win.cc(43)] FindFirstFile: The system cannot find the path specified. (0x3)
[1112/141413.622:ERROR:process_reader_win.cc(123)] NtOpenThread: {Access Denied} A process has requested access to an object, but has not been granted those access rights. (0xc0000022)
[1112/141413.622:ERROR:exception_snapshot_win.cc(99)] thread ID 4848 not found in process
[1112/141413.637:ERROR:process_reader_win.cc(123)] NtOpenThread: {Access Denied} A process has requested access to an object, but has not been granted those access rights. (0xc0000022)
[1112/141413.637:ERROR:exception_snapshot_win.cc(99)] thread ID 14100 not found in process
[1112/141732.572:ERROR:process_reader_win.cc(123)] NtOpenThread: {Access Denied} A process has requested access to an object, but has not been granted those access rights. (0xc0000022)
[1112/141732.573:ERROR:exception_snapshot_win.cc(99)] thread ID 20532 not found in process
[1112/141732.578:ERROR:process_reader_win.cc(123)] NtOpenThread: {Access Denied} A process has requested access to an object, but has not been granted those access rights. (0xc0000022)
[1112/141732.578:ERROR:exception_snapshot_win.cc(99)] thread ID 17848 not found in process
[1112/142734.807:ERROR:directory_reader_win.cc(43)] FindFirstFile: The system cannot find the path specified. (0x3)
[1112/145349.064:ERROR:process_reader_win.cc(123)] NtOpenThread: {Access Denied} A process has requested access to an object, but has not been granted those access rights. (0xc0000022)
[1112/145349.064:ERROR:exception_snapshot_win.cc(99)] thread ID 26288 not found in process
[1112/145349.080:ERROR:process_reader_win.cc(123)] NtOpenThread: {Access Denied} A process has requested access to an object, but has not been granted those access rights. (0xc0000022)
[1112/145349.080:ERROR:exception_snapshot_win.cc(99)] thread ID 16888 not found in process
[1112/150351.109:ERROR:directory_reader_win.cc(43)] FindFirstFile: The system cannot find the path specified. (0x3)
[1112/170357.382:ERROR:process_reader_win.cc(123)] NtOpenThread: {Access Denied} A process has requested access to an object, but has not been granted those access rights. (0xc0000022)
[1112/170357.383:ERROR:exception_snapshot_win.cc(99)] thread ID 15516 not found in process
[1112/170357.423:ERROR:process_reader_win.cc(123)] NtOpenThread: {Access Denied} A process has requested access to an object, but has not been granted those access rights. (0xc0000022)
[1112/170357.423:ERROR:exception_snapshot_win.cc(99)] thread ID 12052 not found in process
[1113/101116.779:ERROR:directory_reader_win.cc(43)] FindFirstFile: The system cannot find the path specified. (0x3)
[1113/135743.173:ERROR:process_reader_win.cc(123)] NtOpenThread: {Access Denied} A process has requested access to an object, but has not been granted those access rights. (0xc0000022)
[1113/135743.177:ERROR:exception_snapshot_win.cc(99)] thread ID 17172 not found in process
[1113/135743.222:ERROR:process_reader_win.cc(123)] NtOpenThread: {Access Denied} A process has requested access to an object, but has not been granted those access rights. (0xc0000022)
[1113/135743.223:ERROR:exception_snapshot_win.cc(99)] thread ID 8960 not found in process
[1113/135745.768:ERROR:process_reader_win.cc(123)] NtOpenThread: {Access Denied} A process has requested access to an object, but has not been granted those access rights. (0xc0000022)
[1113/135745.769:ERROR:exception_snapshot_win.cc(99)] thread ID 13692 not found in process
[1113/135746.398:ERROR:process_reader_win.cc(123)] NtOpenThread: {Access Denied} A process has requested access to an object, but has not been granted those access rights. (0xc0000022)
[1113/135746.398:ERROR:exception_snapshot_win.cc(99)] thread ID 19048 not found in process
[1113/135937.726:ERROR:process_reader_win.cc(123)] NtOpenThread: {Access Denied} A process has requested access to an object, but has not been granted those access rights. (0xc0000022)
[1113/135937.727:ERROR:exception_snapshot_win.cc(99)] thread ID 18084 not found in process
[1113/135937.734:ERROR:process_reader_win.cc(123)] NtOpenThread: {Access Denied} A process has requested access to an object, but has not been granted those access rights. (0xc0000022)
[1113/135937.734:ERROR:exception_snapshot_win.cc(99)] thread ID 7540 not found in process
[1113/140940.020:ERROR:directory_reader_win.cc(43)] FindFirstFile: The system cannot find the path specified. (0x3)
[1113/161949.538:ERROR:directory_reader_win.cc(43)] FindFirstFile: The system cannot find the path specified. (0x3)
[1113/162808.124:ERROR:process_reader_win.cc(123)] NtOpenThread: {Access Denied} A process has requested access to an object, but has not been granted those access rights. (0xc0000022)
[1113/162808.125:ERROR:exception_snapshot_win.cc(99)] thread ID 6932 not found in process
[1113/162808.139:ERROR:process_reader_win.cc(123)] NtOpenThread: {Access Denied} A process has requested access to an object, but has not been granted those access rights. (0xc0000022)
[1113/162808.140:ERROR:exception_snapshot_win.cc(99)] thread ID 9320 not found in process
[1113/162808.168:ERROR:process_reader_win.cc(123)] NtOpenThread: {Access Denied} A process has requested access to an object, but has not been granted those access rights. (0xc0000022)
[1113/162808.168:ERROR:exception_snapshot_win.cc(99)] thread ID 9012 not found in process
[1113/162808.173:ERROR:process_reader_win.cc(123)] NtOpenThread: {Access Denied} A process has requested access to an object, but has not been granted those access rights. (0xc0000022)
[1113/162808.173:ERROR:exception_snapshot_win.cc(99)] thread ID 7264 not found in process
[1113/163118.093:ERROR:process_reader_win.cc(123)] NtOpenThread: {Access Denied} A process has requested access to an object, but has not been granted those access rights. (0xc0000022)
[1113/163118.093:ERROR:exception_snapshot_win.cc(99)] thread ID 12744 not found in process
[1113/163118.121:ERROR:process_reader_win.cc(123)] NtOpenThread: {Access Denied} A process has requested access to an object, but has not been granted those access rights. (0xc0000022)
[1113/163118.121:ERROR:exception_snapshot_win.cc(99)] thread ID 13076 not found in process
[1113/165845.501:ERROR:process_reader_win.cc(123)] NtOpenThread: {Access Denied} A process has requested access to an object, but has not been granted those access rights. (0xc0000022)
[1113/165845.503:ERROR:exception_snapshot_win.cc(99)] thread ID 8120 not found in process
[1113/165845.503:ERROR:process_reader_win.cc(123)] NtOpenThread: {Access Denied} A process has requested access to an object, but has not been granted those access rights. (0xc0000022)
[1113/165845.504:ERROR:exception_snapshot_win.cc(99)] thread ID 17404 not found in process
[1113/165845.506:ERROR:process_reader_win.cc(123)] NtOpenThread: {Access Denied} A process has requested access to an object, but has not been granted those access rights. (0xc0000022)
[1113/165845.507:ERROR:exception_snapshot_win.cc(99)] thread ID 17020 not found in process
[1113/165845.527:ERROR:process_reader_win.cc(123)] NtOpenThread: {Access Denied} A process has requested access to an object, but has not been granted those access rights. (0xc0000022)
[1113/165845.527:ERROR:exception_snapshot_win.cc(99)] thread ID 15240 not found in process
[1113/165845.528:ERROR:process_reader_win.cc(123)] NtOpenThread: {Access Denied} A process has requested access to an object, but has not been granted those access rights. (0xc0000022)
[1113/165845.528:ERROR:exception_snapshot_win.cc(99)] thread ID 17844 not found in process
[1113/170904.255:ERROR:directory_reader_win.cc(43)] FindFirstFile: The system cannot find the path specified. (0x3)
[1113/203013.018:ERROR:process_reader_win.cc(123)] NtOpenThread: {Access Denied} A process has requested access to an object, but has not been granted those access rights. (0xc0000022)
[1113/203013.022:ERROR:exception_snapshot_win.cc(99)] thread ID 17520 not found in process
[1113/203013.072:ERROR:process_reader_win.cc(123)] NtOpenThread: {Access Denied} A process has requested access to an object, but has not been granted those access rights. (0xc0000022)
[1113/203013.072:ERROR:exception_snapshot_win.cc(99)] thread ID 3412 not found in process
[1114/103340.611:ERROR:directory_reader_win.cc(43)] FindFirstFile: The system cannot find the path specified. (0x3)
[1114/114328.131:ERROR:process_reader_win.cc(123)] NtOpenThread: {Access Denied} A process has requested access to an object, but has not been granted those access rights. (0xc0000022)
[1114/114328.144:ERROR:exception_snapshot_win.cc(99)] thread ID 7688 not found in process
[1114/114328.209:ERROR:process_reader_win.cc(123)] NtOpenThread: {Access Denied} A process has requested access to an object, but has not been granted those access rights. (0xc0000022)
[1114/114328.209:ERROR:exception_snapshot_win.cc(99)] thread ID 9672 not found in process
[1114/115330.177:ERROR:directory_reader_win.cc(43)] FindFirstFile: The system cannot find the path specified. (0x3)
[1114/122427.533:ERROR:process_reader_win.cc(123)] NtOpenThread: {Access Denied} A process has requested access to an object, but has not been granted those access rights. (0xc0000022)
[1114/122427.533:ERROR:exception_snapshot_win.cc(99)] thread ID 4612 not found in process
[1114/122427.541:ERROR:process_reader_win.cc(123)] NtOpenThread: {Access Denied} A process has requested access to an object, but has not been granted those access rights. (0xc0000022)
[1114/122427.542:ERROR:exception_snapshot_win.cc(99)] thread ID 8816 not found in process
[1114/123429.826:ERROR:directory_reader_win.cc(43)] FindFirstFile: The system cannot find the path specified. (0x3)
[1114/140941.658:ERROR:directory_reader_win.cc(43)] FindFirstFile: The system cannot find the path specified. (0x3)
[1114/164343.443:ERROR:directory_reader_win.cc(43)] FindFirstFile: The system cannot find the path specified. (0x3)
[1114/173226.520:ERROR:process_reader_win.cc(123)] NtOpenThread: {Access Denied} A process has requested access to an object, but has not been granted those access rights. (0xc0000022)
[1114/173226.521:ERROR:exception_snapshot_win.cc(99)] thread ID 7512 not found in process
[1114/173226.555:ERROR:process_reader_win.cc(123)] NtOpenThread: {Access Denied} A process has requested access to an object, but has not been granted those access rights. (0xc0000022)
[1114/173226.555:ERROR:exception_snapshot_win.cc(99)] thread ID 16732 not found in process
[1114/174311.658:ERROR:directory_reader_win.cc(43)] FindFirstFile: The system cannot find the path specified. (0x3)
[1114/190834.636:ERROR:process_reader_win.cc(123)] NtOpenThread: {Access Denied} A process has requested access to an object, but has not been granted those access rights. (0xc0000022)
[1114/190834.636:ERROR:exception_snapshot_win.cc(99)] thread ID 1876 not found in process
[1114/190834.659:ERROR:process_reader_win.cc(123)] NtOpenThread: {Access Denied} A process has requested access to an object, but has not been granted those access rights. (0xc0000022)
[1114/190834.659:ERROR:exception_snapshot_win.cc(99)] thread ID 4648 not found in process
[1115/122456.699:ERROR:directory_reader_win.cc(43)] FindFirstFile: The system cannot find the path specified. (0x3)
[1115/152913.560:ERROR:directory_reader_win.cc(43)] FindFirstFile: The system cannot find the path specified. (0x3)
[1115/161501.622:ERROR:process_reader_win.cc(123)] NtOpenThread: {Access Denied} A process has requested access to an object, but has not been granted those access rights. (0xc0000022)
[1115/161501.623:ERROR:exception_snapshot_win.cc(99)] thread ID 6936 not found in process
[1115/161501.622:ERROR:process_reader_win.cc(123)] NtOpenThread: {Access Denied} A process has requested access to an object, but has not been granted those access rights. (0xc0000022)
[1115/161501.623:ERROR:exception_snapshot_win.cc(99)] thread ID 21212 not found in process
[1115/161501.654:ERROR:process_reader_win.cc(123)] NtOpenThread: {Access Denied} A process has requested access to an object, but has not been granted those access rights. (0xc0000022)
[1115/161501.654:ERROR:exception_snapshot_win.cc(99)] thread ID 15864 not found in process
[1115/161501.673:ERROR:process_reader_win.cc(123)] NtOpenThread: {Access Denied} A process has requested access to an object, but has not been granted those access rights. (0xc0000022)
[1115/161501.673:ERROR:exception_snapshot_win.cc(99)] thread ID 2860 not found in process
[1116/010825.939:ERROR:process_reader_win.cc(123)] NtOpenThread: {Access Denied} A process has requested access to an object, but has not been granted those access rights. (0xc0000022)
[1116/010825.940:ERROR:exception_snapshot_win.cc(99)] thread ID 17256 not found in process
[1116/010825.950:ERROR:process_reader_win.cc(123)] NtOpenThread: {Access Denied} A process has requested access to an object, but has not been granted those access rights. (0xc0000022)
[1116/010825.950:ERROR:exception_snapshot_win.cc(99)] thread ID 20732 not found in process
[1116/114506.536:ERROR:process_reader_win.cc(123)] NtOpenThread: {Access Denied} A process has requested access to an object, but has not been granted those access rights. (0xc0000022)
[1116/114506.540:ERROR:exception_snapshot_win.cc(99)] thread ID 5780 not found in process
[1116/114506.543:ERROR:process_reader_win.cc(123)] NtOpenThread: {Access Denied} A process has requested access to an object, but has not been granted those access rights. (0xc0000022)
[1116/114506.544:ERROR:exception_snapshot_win.cc(99)] thread ID 14644 not found in process
[1116/114506.593:ERROR:process_reader_win.cc(123)] NtOpenThread: {Access Denied} A process has requested access to an object, but has not been granted those access rights. (0xc0000022)
[1116/114506.593:ERROR:exception_snapshot_win.cc(99)] thread ID 2580 not found in process
[1116/114604.795:ERROR:process_reader_win.cc(123)] NtOpenThread: {Access Denied} A process has requested access to an object, but has not been granted those access rights. (0xc0000022)
[1116/114604.799:ERROR:exception_snapshot_win.cc(99)] thread ID 15372 not found in process
[1116/114604.846:ERROR:process_reader_win.cc(123)] NtOpenThread: {Access Denied} A process has requested access to an object, but has not been granted those access rights. (0xc0000022)
[1116/114604.846:ERROR:exception_snapshot_win.cc(99)] thread ID 19640 not found in process
[1116/114604.974:ERROR:process_reader_win.cc(123)] NtOpenThread: {Access Denied} A process has requested access to an object, but has not been granted those access rights. (0xc0000022)
[1116/114604.974:ERROR:exception_snapshot_win.cc(99)] thread ID 7948 not found in process
[1116/114733.183:ERROR:process_reader_win.cc(123)] NtOpenThread: {Access Denied} A process has requested access to an object, but has not been granted those access rights. (0xc0000022)
[1116/114733.184:ERROR:exception_snapshot_win.cc(99)] thread ID 22468 not found in process
[1116/114733.192:ERROR:process_reader_win.cc(123)] NtOpenThread: {Access Denied} A process has requested access to an object, but has not been granted those access rights. (0xc0000022)
[1116/114733.192:ERROR:exception_snapshot_win.cc(99)] thread ID 11120 not found in process
[1116/114733.205:ERROR:process_reader_win.cc(123)] NtOpenThread: {Access Denied} A process has requested access to an object, but has not been granted those access rights. (0xc0000022)
[1116/114733.205:ERROR:exception_snapshot_win.cc(99)] thread ID 7920 not found in process
[1116/115736.780:ERROR:directory_reader_win.cc(43)] FindFirstFile: The system cannot find the path specified. (0x3)
[1116/120007.209:ERROR:process_reader_win.cc(123)] NtOpenThread: {Access Denied} A process has requested access to an object, but has not been granted those access rights. (0xc0000022)
[1116/120007.209:ERROR:exception_snapshot_win.cc(99)] thread ID 15656 not found in process
[1116/120007.255:ERROR:process_reader_win.cc(123)] NtOpenThread: {Access Denied} A process has requested access to an object, but has not been granted those access rights. (0xc0000022)
[1116/120007.255:ERROR:exception_snapshot_win.cc(99)] thread ID 16076 not found in process
[1119/014408.956:ERROR:process_reader_win.cc(123)] NtOpenThread: {Access Denied} A process has requested access to an object, but has not been granted those access rights. (0xc0000022)
[1119/014408.958:ERROR:process_reader_win.cc(123)] NtOpenThread: {Access Denied} A process has requested access to an object, but has not been granted those access rights. (0xc0000022)
[1119/014408.962:ERROR:exception_snapshot_win.cc(99)] thread ID 23296 not found in process
[1119/014408.962:ERROR:exception_snapshot_win.cc(99)] thread ID 24584 not found in process
[1119/014409.015:ERROR:process_reader_win.cc(123)] NtOpenThread: {Access Denied} A process has requested access to an object, but has not been granted those access rights. (0xc0000022)
[1119/014409.015:ERROR:process_reader_win.cc(123)] NtOpenThread: {Access Denied} A process has requested access to an object, but has not been granted those access rights. (0xc0000022)
[1119/014409.015:ERROR:exception_snapshot_win.cc(99)] thread ID 13660 not found in process
[1119/014409.015:ERROR:exception_snapshot_win.cc(99)] thread ID 10352 not found in process
[1119/123137.258:ERROR:process_reader_win.cc(123)] NtOpenThread: {Access Denied} A process has requested access to an object, but has not been granted those access rights. (0xc0000022)
[1119/123137.260:ERROR:exception_snapshot_win.cc(99)] thread ID 11376 not found in process
[1119/123137.274:ERROR:process_reader_win.cc(123)] NtOpenThread: {Access Denied} A process has requested access to an object, but has not been granted those access rights. (0xc0000022)
[1119/123137.275:ERROR:exception_snapshot_win.cc(99)] thread ID 25060 not found in process
[1119/124226.627:ERROR:directory_reader_win.cc(43)] FindFirstFile: The system cannot find the path specified. (0x3)
[1119/134843.187:ERROR:directory_reader_win.cc(43)] FindFirstFile: The system cannot find the path specified. (0x3)
[1119/143737.576:ERROR:directory_reader_win.cc(43)] FindFirstFile: The system cannot find the path specified. (0x3)
[1119/170015.529:ERROR:process_reader_win.cc(123)] NtOpenThread: {Access Denied} A process has requested access to an object, but has not been granted those access rights. (0xc0000022)
[1119/170015.540:ERROR:exception_snapshot_win.cc(99)] thread ID 24796 not found in process
[1119/170015.601:ERROR:process_reader_win.cc(123)] NtOpenThread: {Access Denied} A process has requested access to an object, but has not been granted those access rights. (0xc0000022)
[1119/170015.601:ERROR:exception_snapshot_win.cc(99)] thread ID 22628 not found in process
[1120/114805.076:ERROR:process_reader_win.cc(123)] NtOpenThread: {Access Denied} A process has requested access to an object, but has not been granted those access rights. (0xc0000022)
[1120/114805.081:ERROR:exception_snapshot_win.cc(99)] thread ID 12300 not found in process
[1120/114805.107:ERROR:process_reader_win.cc(123)] NtOpenThread: {Access Denied} A process has requested access to an object, but has not been granted those access rights. (0xc0000022)
[1120/114805.107:ERROR:exception_snapshot_win.cc(99)] thread ID 21060 not found in process
[1120/121708.824:ERROR:process_reader_win.cc(123)] NtOpenThread: {Access Denied} A process has requested access to an object, but has not been granted those access rights. (0xc0000022)
[1120/121708.827:ERROR:exception_snapshot_win.cc(99)] thread ID 5756 not found in process
[1120/121708.840:ERROR:process_reader_win.cc(123)] NtOpenThread: {Access Denied} A process has requested access to an object, but has not been granted those access rights. (0xc0000022)
[1120/121708.840:ERROR:exception_snapshot_win.cc(99)] thread ID 10736 not found in process
[1120/122310.456:ERROR:process_reader_win.cc(123)] NtOpenThread: {Access Denied} A process has requested access to an object, but has not been granted those access rights. (0xc0000022)
[1120/122310.455:ERROR:process_reader_win.cc(123)] NtOpenThread: {Access Denied} A process has requested access to an object, but has not been granted those access rights. (0xc0000022)
[1120/122310.457:ERROR:exception_snapshot_win.cc(99)] thread ID 17356 not found in process
[1120/122310.458:ERROR:exception_snapshot_win.cc(99)] thread ID 22088 not found in process
[1120/122310.484:ERROR:process_reader_win.cc(123)] NtOpenThread: {Access Denied} A process has requested access to an object, but has not been granted those access rights. (0xc0000022)
[1120/122310.484:ERROR:exception_snapshot_win.cc(99)] thread ID 15004 not found in process
[1120/122502.724:ERROR:process_reader_win.cc(123)] NtOpenThread: {Access Denied} A process has requested access to an object, but has not been granted those access rights. (0xc0000022)
[1120/122502.727:ERROR:exception_snapshot_win.cc(99)] thread ID 8812 not found in process
[1120/122502.749:ERROR:process_reader_win.cc(123)] NtOpenThread: {Access Denied} A process has requested access to an object, but has not been granted those access rights. (0xc0000022)
[1120/122502.749:ERROR:exception_snapshot_win.cc(99)] thread ID 11404 not found in process
[1120/125446.307:ERROR:process_reader_win.cc(123)] NtOpenThread: {Access Denied} A process has requested access to an object, but has not been granted those access rights. (0xc0000022)
[1120/125446.317:ERROR:exception_snapshot_win.cc(99)] thread ID 20460 not found in process
[1120/125446.356:ERROR:process_reader_win.cc(123)] NtOpenThread: {Access Denied} A process has requested access to an object, but has not been granted those access rights. (0xc0000022)
[1120/125446.356:ERROR:exception_snapshot_win.cc(99)] thread ID 23248 not found in process
[1120/130552.996:ERROR:directory_reader_win.cc(43)] FindFirstFile: The system cannot find the path specified. (0x3)
[1120/130744.379:ERROR:directory_reader_win.cc(43)] FindFirstFile: The system cannot find the path specified. (0x3)
[1120/131742.809:ERROR:process_reader_win.cc(123)] NtOpenThread: {Access Denied} A process has requested access to an object, but has not been granted those access rights. (0xc0000022)
[1120/131742.816:ERROR:exception_snapshot_win.cc(99)] thread ID 13244 not found in process
[1120/131742.878:ERROR:process_reader_win.cc(123)] NtOpenThread: {Access Denied} A process has requested access to an object, but has not been granted those access rights. (0xc0000022)
[1120/131742.879:ERROR:exception_snapshot_win.cc(99)] thread ID 23992 not found in process
[1120/132317.354:ERROR:process_reader_win.cc(123)] NtOpenThread: {Access Denied} A process has requested access to an object, but has not been granted those access rights. (0xc0000022)
[1120/132317.360:ERROR:process_reader_win.cc(123)] NtOpenThread: {Access Denied} A process has requested access to an object, but has not been granted those access rights. (0xc0000022)
[1120/132317.364:ERROR:exception_snapshot_win.cc(99)] thread ID 24888 not found in process
[1120/132317.364:ERROR:exception_snapshot_win.cc(99)] thread ID 9296 not found in process
[1120/132317.367:ERROR:process_reader_win.cc(123)] NtOpenThread: {Access Denied} A process has requested access to an object, but has not been granted those access rights. (0xc0000022)
[1120/132317.368:ERROR:exception_snapshot_win.cc(99)] thread ID 19232 not found in process
[1120/132317.424:ERROR:process_reader_win.cc(123)] NtOpenThread: {Access Denied} A process has requested access to an object, but has not been granted those access rights. (0xc0000022)
[1120/132317.425:ERROR:exception_snapshot_win.cc(99)] thread ID 25100 not found in process
[1120/132317.427:ERROR:process_reader_win.cc(123)] NtOpenThread: {Access Denied} A process has requested access to an object, but has not been granted those access rights. (0xc0000022)
[1120/132317.427:ERROR:exception_snapshot_win.cc(99)] thread ID 25372 not found in process
[1120/132317.436:ERROR:process_reader_win.cc(123)] NtOpenThread: {Access Denied} A process has requested access to an object, but has not been granted those access rights. (0xc0000022)
[1120/132317.436:ERROR:exception_snapshot_win.cc(99)] thread ID 7764 not found in process
[1120/133718.041:ERROR:process_reader_win.cc(123)] NtOpenThread: {Access Denied} A process has requested access to an object, but has not been granted those access rights. (0xc0000022)
[1120/133718.043:ERROR:exception_snapshot_win.cc(99)] thread ID 10428 not found in process
[1120/133718.053:ERROR:process_reader_win.cc(123)] NtOpenThread: {Access Denied} A process has requested access to an object, but has not been granted those access rights. (0xc0000022)
[1120/133718.053:ERROR:exception_snapshot_win.cc(99)] thread ID 23128 not found in process
[1120/133944.046:ERROR:process_reader_win.cc(123)] NtOpenThread: {Access Denied} A process has requested access to an object, but has not been granted those access rights. (0xc0000022)
[1120/133944.049:ERROR:exception_snapshot_win.cc(99)] thread ID 24976 not found in process
[1120/133944.078:ERROR:process_reader_win.cc(123)] NtOpenThread: {Access Denied} A process has requested access to an object, but has not been granted those access rights. (0xc0000022)
[1120/133944.078:ERROR:exception_snapshot_win.cc(99)] thread ID 25244 not found in process
[1120/134159.450:ERROR:process_reader_win.cc(123)] NtOpenThread: {Access Denied} A process has requested access to an object, but has not been granted those access rights. (0xc0000022)
[1120/134159.455:ERROR:exception_snapshot_win.cc(99)] thread ID 15268 not found in process
[1120/134159.487:ERROR:process_reader_win.cc(123)] NtOpenThread: {Access Denied} A process has requested access to an object, but has not been granted those access rights. (0xc0000022)
[1120/134159.487:ERROR:exception_snapshot_win.cc(99)] thread ID 6664 not found in process
[1120/135203.615:ERROR:directory_reader_win.cc(43)] FindFirstFile: The system cannot find the path specified. (0x3)
[1120/141310.052:ERROR:process_reader_win.cc(123)] NtOpenThread: {Access Denied} A process has requested access to an object, but has not been granted those access rights. (0xc0000022)
[1120/141310.058:ERROR:exception_snapshot_win.cc(99)] thread ID 15328 not found in process
[1120/141310.096:ERROR:process_reader_win.cc(123)] NtOpenThread: {Access Denied} A process has requested access to an object, but has not been granted those access rights. (0xc0000022)
[1120/141310.096:ERROR:exception_snapshot_win.cc(99)] thread ID 5960 not found in process
[1121/134818.807:ERROR:process_reader_win.cc(123)] NtOpenThread: {Access Denied} A process has requested access to an object, but has not been granted those access rights. (0xc0000022)
[1121/134818.808:ERROR:exception_snapshot_win.cc(99)] thread ID 15248 not found in process
[1121/134818.831:ERROR:process_reader_win.cc(123)] NtOpenThread: {Access Denied} A process has requested access to an object, but has not been granted those access rights. (0xc0000022)
[1121/134818.831:ERROR:exception_snapshot_win.cc(99)] thread ID 24484 not found in process
[1121/140032.429:ERROR:process_reader_win.cc(123)] NtOpenThread: {Access Denied} A process has requested access to an object, but has not been granted those access rights. (0xc0000022)
[1121/140032.431:ERROR:exception_snapshot_win.cc(99)] thread ID 17652 not found in process
[1121/140032.445:ERROR:process_reader_win.cc(123)] NtOpenThread: {Access Denied} A process has requested access to an object, but has not been granted those access rights. (0xc0000022)
[1121/140032.445:ERROR:exception_snapshot_win.cc(99)] thread ID 25020 not found in process
[1121/150530.284:ERROR:directory_reader_win.cc(43)] FindFirstFile: The system cannot find the path specified. (0x3)
[1121/151916.403:ERROR:directory_reader_win.cc(43)] FindFirstFile: The system cannot find the path specified. (0x3)
[1121/171244.629:ERROR:process_reader_win.cc(123)] NtOpenThread: {Access Denied} A process has requested access to an object, but has not been granted those access rights. (0xc0000022)
[1121/171244.636:ERROR:exception_snapshot_win.cc(99)] thread ID 22216 not found in process
[1121/171244.717:ERROR:process_reader_win.cc(123)] NtOpenThread: {Access Denied} A process has requested access to an object, but has not been granted those access rights. (0xc0000022)
[1121/171244.717:ERROR:exception_snapshot_win.cc(99)] thread ID 3824 not found in process
[1122/123236.412:ERROR:directory_reader_win.cc(43)] FindFirstFile: The system cannot find the path specified. (0x3)
[1122/125042.652:ERROR:process_reader_win.cc(123)] NtOpenThread: {Access Denied} A process has requested access to an object, but has not been granted those access rights. (0xc0000022)
[1122/125042.653:ERROR:exception_snapshot_win.cc(99)] thread ID 16200 not found in process
[1122/125042.658:ERROR:process_reader_win.cc(123)] NtOpenThread: {Access Denied} A process has requested access to an object, but has not been granted those access rights. (0xc0000022)
[1122/125042.658:ERROR:exception_snapshot_win.cc(99)] thread ID 20536 not found in process
[1122/130056.090:ERROR:directory_reader_win.cc(43)] FindFirstFile: The system cannot find the path specified. (0x3)
[1122/133406.753:ERROR:directory_reader_win.cc(43)] FindFirstFile: The system cannot find the path specified. (0x3)
[1122/144155.517:ERROR:directory_reader_win.cc(43)] FindFirstFile: The system cannot find the path specified. (0x3)
[1122/162951.864:ERROR:directory_reader_win.cc(43)] FindFirstFile: The system cannot find the path specified. (0x3)
[1122/163709.927:ERROR:process_reader_win.cc(123)] NtOpenThread: {Access Denied} A process has requested access to an object, but has not been granted those access rights. (0xc0000022)
[1122/163709.928:ERROR:exception_snapshot_win.cc(99)] thread ID 22264 not found in process
[1122/163709.955:ERROR:process_reader_win.cc(123)] NtOpenThread: {Access Denied} A process has requested access to an object, but has not been granted those access rights. (0xc0000022)
[1122/163709.955:ERROR:exception_snapshot_win.cc(99)] thread ID 1668 not found in process
[1123/110023.982:ERROR:directory_reader_win.cc(43)] FindFirstFile: The system cannot find the path specified. (0x3)
[1123/120832.874:ERROR:directory_reader_win.cc(43)] FindFirstFile: The system cannot find the path specified. (0x3)
[1123/121848.286:ERROR:directory_reader_win.cc(43)] FindFirstFile: The system cannot find the path specified. (0x3)
[1123/131223.921:ERROR:directory_reader_win.cc(43)] FindFirstFile: The system cannot find the path specified. (0x3)
[1123/141905.074:ERROR:process_reader_win.cc(123)] NtOpenThread: {Access Denied} A process has requested access to an object, but has not been granted those access rights. (0xc0000022)
[1123/141905.078:ERROR:exception_snapshot_win.cc(99)] thread ID 3804 not found in process
[1123/141905.109:ERROR:process_reader_win.cc(123)] NtOpenThread: {Access Denied} A process has requested access to an object, but has not been granted those access rights. (0xc0000022)
[1123/141905.109:ERROR:exception_snapshot_win.cc(99)] thread ID 20656 not found in process
[1215/133754.004:ERROR:process_reader_win.cc(123)] NtOpenThread: {Access Denied} A process has requested access to an object, but has not been granted those access rights. (0xc0000022)
[1215/133754.006:ERROR:exception_snapshot_win.cc(99)] thread ID 29532 not found in process
[1215/133754.007:ERROR:process_reader_win.cc(123)] NtOpenThread: {Access Denied} A process has requested access to an object, but has not been granted those access rights. (0xc0000022)
[1215/133754.007:ERROR:exception_snapshot_win.cc(99)] thread ID 32792 not found in process
[1215/133754.011:ERROR:process_reader_win.cc(123)] NtOpenThread: {Access Denied} A process has requested access to an object, but has not been granted those access rights. (0xc0000022)
[1215/133754.012:ERROR:exception_snapshot_win.cc(99)] thread ID 23804 not found in process
[1215/133754.018:ERROR:process_reader_win.cc(123)] NtOpenThread: {Access Denied} A process has requested access to an object, but has not been granted those access rights. (0xc0000022)
[1215/133754.018:ERROR:exception_snapshot_win.cc(99)] thread ID 21608 not found in process
[1215/133754.019:ERROR:process_reader_win.cc(123)] NtOpenThread: {Access Denied} A process has requested access to an object, but has not been granted those access rights. (0xc0000022)
[1215/133754.019:ERROR:exception_snapshot_win.cc(99)] thread ID 32168 not found in process
[1215/133754.021:ERROR:process_reader_win.cc(123)] NtOpenThread: {Access Denied} A process has requested access to an object, but has not been granted those access rights. (0xc0000022)
[1215/133754.021:ERROR:exception_snapshot_win.cc(99)] thread ID 22012 not found in process
[1215/133754.022:ERROR:process_reader_win.cc(123)] NtOpenThread: {Access Denied} A process has requested access to an object, but has not been granted those access rights. (0xc0000022)
[1215/133754.023:ERROR:exception_snapshot_win.cc(99)] thread ID 28592 not found in process
[1215/133754.029:ERROR:process_reader_win.cc(123)] NtOpenThread: {Access Denied} A process has requested access to an object, but has not been granted those access rights. (0xc0000022)
[1215/133754.029:ERROR:exception_snapshot_win.cc(99)] thread ID 26004 not found in process
[1215/134131.833:ERROR:process_reader_win.cc(123)] NtOpenThread: {Access Denied} A process has requested access to an object, but has not been granted those access rights. (0xc0000022)
[1215/134131.836:ERROR:exception_snapshot_win.cc(99)] thread ID 12188 not found in process
[1215/134131.839:ERROR:process_reader_win.cc(123)] NtOpenThread: {Access Denied} A process has requested access to an object, but has not been granted those access rights. (0xc0000022)
[1215/134131.839:ERROR:exception_snapshot_win.cc(99)] thread ID 31124 not found in process
[1215/134131.839:ERROR:process_reader_win.cc(123)] NtOpenThread: {Access Denied} A process has requested access to an object, but has not been granted those access rights. (0xc0000022)
[1215/134131.839:ERROR:process_reader_win.cc(123)] NtOpenThread: {Access Denied} A process has requested access to an object, but has not been granted those access rights. (0xc0000022)
[1215/134131.839:ERROR:exception_snapshot_win.cc(99)] thread ID 14144 not found in process
[1215/134131.839:ERROR:exception_snapshot_win.cc(99)] thread ID 28976 not found in process
[1215/134131.842:ERROR:process_reader_win.cc(123)] NtOpenThread: {Access Denied} A process has requested access to an object, but has not been granted those access rights. (0xc0000022)
[1215/134131.843:ERROR:exception_snapshot_win.cc(99)] thread ID 5332 not found in process
[1215/134131.847:ERROR:process_reader_win.cc(123)] NtOpenThread: {Access Denied} A process has requested access to an object, but has not been granted those access rights. (0xc0000022)
[1215/134131.848:ERROR:exception_snapshot_win.cc(99)] thread ID 13688 not found in process
[1215/134131.857:ERROR:process_reader_win.cc(123)] NtOpenThread: {Access Denied} A process has requested access to an object, but has not been granted those access rights. (0xc0000022)
[1215/134131.857:ERROR:exception_snapshot_win.cc(99)] thread ID 21996 not found in process
[1215/134131.858:ERROR:process_reader_win.cc(123)] NtOpenThread: {Access Denied} A process has requested access to an object, but has not been granted those access rights. (0xc0000022)
[1215/134131.858:ERROR:exception_snapshot_win.cc(99)] thread ID 24528 not found in process
[1215/134131.860:ERROR:process_reader_win.cc(123)] NtOpenThread: {Access Denied} A process has requested access to an object, but has not been granted those access rights. (0xc0000022)
[1215/134131.860:ERROR:exception_snapshot_win.cc(99)] thread ID 24468 not found in process
[1215/141703.447:ERROR:process_reader_win.cc(123)] NtOpenThread: {Access Denied} A process has requested access to an object, but has not been granted those access rights. (0xc0000022)
[1215/141703.450:ERROR:exception_snapshot_win.cc(99)] thread ID 26508 not found in process
[1215/141703.458:ERROR:process_reader_win.cc(123)] NtOpenThread: {Access Denied} A process has requested access to an object, but has not been granted those access rights. (0xc0000022)
[1215/141703.459:ERROR:exception_snapshot_win.cc(99)] thread ID 29096 not found in process
[1215/141703.461:ERROR:process_reader_win.cc(123)] NtOpenThread: {Access Denied} A process has requested access to an object, but has not been granted those access rights. (0xc0000022)
[1215/141703.462:ERROR:exception_snapshot_win.cc(99)] thread ID 17396 not found in process
[1215/141703.465:ERROR:process_reader_win.cc(123)] NtOpenThread: {Access Denied} A process has requested access to an object, but has not been granted those access rights. (0xc0000022)
[1215/141703.465:ERROR:exception_snapshot_win.cc(99)] thread ID 25024 not found in process
[1215/141703.465:ERROR:process_reader_win.cc(123)] NtOpenThread: {Access Denied} A process has requested access to an object, but has not been granted those access rights. (0xc0000022)
[1215/141703.465:ERROR:exception_snapshot_win.cc(99)] thread ID 20420 not found in process
[1215/141703.466:ERROR:process_reader_win.cc(123)] NtOpenThread: {Access Denied} A process has requested access to an object, but has not been granted those access rights. (0xc0000022)
[1215/141703.466:ERROR:exception_snapshot_win.cc(99)] thread ID 3688 not found in process
[1215/141703.470:ERROR:process_reader_win.cc(123)] NtOpenThread: {Access Denied} A process has requested access to an object, but has not been granted those access rights. (0xc0000022)
[1215/141703.470:ERROR:exception_snapshot_win.cc(99)] thread ID 1412 not found in process
[1215/141759.470:ERROR:process_reader_win.cc(123)] NtOpenThread: {Access Denied} A process has requested access to an object, but has not been granted those access rights. (0xc0000022)
[1215/141759.471:ERROR:exception_snapshot_win.cc(99)] thread ID 29088 not found in process
[1215/141759.472:ERROR:process_reader_win.cc(123)] NtOpenThread: {Access Denied} A process has requested access to an object, but has not been granted those access rights. (0xc0000022)
[1215/141759.472:ERROR:exception_snapshot_win.cc(99)] thread ID 19732 not found in process
[1215/141759.475:ERROR:process_reader_win.cc(123)] NtOpenThread: {Access Denied} A process has requested access to an object, but has not been granted those access rights. (0xc0000022)
[1215/141759.476:ERROR:process_reader_win.cc(123)] NtOpenThread: {Access Denied} A process has requested access to an object, but has not been granted those access rights. (0xc0000022)
[1215/141759.475:ERROR:process_reader_win.cc(123)] NtOpenThread: {Access Denied} A process has requested access to an object, but has not been granted those access rights. (0xc0000022)
[1215/141759.476:ERROR:exception_snapshot_win.cc(99)] thread ID 21404 not found in process
[1215/141759.476:ERROR:exception_snapshot_win.cc(99)] thread ID 24092 not found in process
[1215/141759.476:ERROR:exception_snapshot_win.cc(99)] thread ID 8800 not found in process
[1215/141759.490:ERROR:process_reader_win.cc(123)] NtOpenThread: {Access Denied} A process has requested access to an object, but has not been granted those access rights. (0xc0000022)
[1215/141759.490:ERROR:exception_snapshot_win.cc(99)] thread ID 31740 not found in process
[1215/142205.021:ERROR:process_reader_win.cc(123)] NtOpenThread: {Access Denied} A process has requested access to an object, but has not been granted those access rights. (0xc0000022)
[1215/142205.021:ERROR:process_reader_win.cc(123)] NtOpenThread: {Access Denied} A process has requested access to an object, but has not been granted those access rights. (0xc0000022)
[1215/142205.021:ERROR:process_reader_win.cc(123)] NtOpenThread: {Access Denied} A process has requested access to an object, but has not been granted those access rights. (0xc0000022)
[1215/142205.021:ERROR:process_reader_win.cc(123)] NtOpenThread: {Access Denied} A process has requested access to an object, but has not been granted those access rights. (0xc0000022)
[1215/142205.024:ERROR:exception_snapshot_win.cc(99)] thread ID 4308 not found in process
[1215/142205.024:ERROR:exception_snapshot_win.cc(99)] thread ID 25208 not found in process
[1215/142205.024:ERROR:exception_snapshot_win.cc(99)] thread ID 22404 not found in process
[1215/142205.024:ERROR:exception_snapshot_win.cc(99)] thread ID 21228 not found in process
[1215/142205.028:ERROR:process_reader_win.cc(123)] NtOpenThread: {Access Denied} A process has requested access to an object, but has not been granted those access rights. (0xc0000022)
[1215/142205.028:ERROR:process_reader_win.cc(123)] NtOpenThread: {Access Denied} A process has requested access to an object, but has not been granted those access rights. (0xc0000022)
[1215/142205.028:ERROR:process_reader_win.cc(123)] NtOpenThread: {Access Denied} A process has requested access to an object, but has not been granted those access rights. (0xc0000022)
[1215/142205.028:ERROR:exception_snapshot_win.cc(99)] thread ID 28340 not found in process
[1215/142205.028:ERROR:exception_snapshot_win.cc(99)] thread ID 24600 not found in process
[1215/142205.028:ERROR:exception_snapshot_win.cc(99)] thread ID 4384 not found in process
[1215/142205.033:ERROR:process_reader_win.cc(123)] NtOpenThread: {Access Denied} A process has requested access to an object, but has not been granted those access rights. (0xc0000022)
[1215/142205.033:ERROR:exception_snapshot_win.cc(99)] thread ID 412 not found in process
